<?xml version="1.0" encoding="UTF-8"?>
<testng-results ignored="0" total="1" passed="1" failed="0" skipped="0">
  <reporter-output>
  </reporter-output>
  <suite started-at="2024-04-12T16:59:19 IST" name="Default suite" finished-at="2024-04-12T16:59:28 IST" duration-ms="9382">
    <groups>
    </groups>
    <test started-at="2024-04-12T16:59:19 IST" name="Default test" finished-at="2024-04-12T16:59:28 IST" duration-ms="9382">
      <class name="testCase.SettingsHolidaySettingsTC">
        <test-method is-config="true" signature="main()[pri:0, instance:testCase.SettingsHolidaySettingsTC@49c7b90e]" started-at="2024-04-12T16:59:19 IST" name="main" finished-at="2024-04-12T16:59:25 IST" duration-ms="6041" status="PASS">
          <reporter-output>
          </reporter-output>
        </test-method> <!-- main -->
        <test-method signature="toggleMenu()[pri:0, instance:testCase.SettingsHolidaySettingsTC@49c7b90e]" started-at="2024-04-12T16:59:25 IST" name="toggleMenu" finished-at="2024-04-12T16:59:28 IST" duration-ms="3308" status="PASS">
          <reporter-output>
          </reporter-output>
        </test-method> <!-- toggleMenu -->
      </class> <!-- testCase.SettingsHolidaySettingsTC -->
    </test> <!-- Default test -->
  </suite> <!-- Default suite -->
</testng-results>
